[debug] [2022-10-27T12:39:20.300Z] ----------------------------------------------------------------------
[debug] [2022-10-27T12:39:20.302Z] Command:       C:\Program Files\nodejs\node.exe C:\Users\rezon\AppData\Roaming\npm\node_modules\firebase-tools\lib\bin\firebase.js deploy
[debug] [2022-10-27T12:39:20.302Z] CLI Version:   11.15.0
[debug] [2022-10-27T12:39:20.303Z] Platform:      win32
[debug] [2022-10-27T12:39:20.303Z] Node Version:  v16.15.1
[debug] [2022-10-27T12:39:20.312Z] Time:          Thu Oct 27 2022 18:39:20 GMT+0600 (Bangladesh Standard Time)
[debug] [2022-10-27T12:39:20.312Z] ----------------------------------------------------------------------
[debug] 
[debug] [2022-10-27T12:39:20.374Z] > command requires scopes: ["email","openid","https://www.googleapis.com/auth/cloudplatformprojects.readonly","https://www.googleapis.com/auth/firebase","https://www.googleapis.com/auth/cloud-platform"]
[debug] [2022-10-27T12:39:20.375Z] > authorizing via signed-in user (rezoneprinceme@gmail.com)
[debug] [2022-10-27T12:39:20.375Z] [iam] checking project learn-hub-b9403 for permissions ["firebase.projects.get","firebasehosting.sites.update"]
[debug] [2022-10-27T12:39:20.377Z] >>> [apiv2][query] POST https://cloudresourcemanager.googleapis.com/v1/projects/learn-hub-b9403:testIamPermissions [none]
[debug] [2022-10-27T12:39:20.378Z] >>> [apiv2][(partial)header] POST https://cloudresourcemanager.googleapis.com/v1/projects/learn-hub-b9403:testIamPermissions x-goog-quota-user=projects/learn-hub-b9403
[debug] [2022-10-27T12:39:20.378Z] >>> [apiv2][body] POST https://cloudresourcemanager.googleapis.com/v1/projects/learn-hub-b9403:testIamPermissions {"permissions":["firebase.projects.get","firebasehosting.sites.update"]}
[debug] [2022-10-27T12:39:21.834Z] <<< [apiv2][status] POST https://cloudresourcemanager.googleapis.com/v1/projects/learn-hub-b9403:testIamPermissions 200
[debug] [2022-10-27T12:39:21.834Z] <<< [apiv2][body] POST https://cloudresourcemanager.googleapis.com/v1/projects/learn-hub-b9403:testIamPermissions {"permissions":["firebase.projects.get","firebasehosting.sites.update"]}
[debug] [2022-10-27T12:39:21.835Z] >>> [apiv2][query] GET https://firebase.googleapis.com/v1beta1/projects/learn-hub-b9403 [none]
[debug] [2022-10-27T12:39:22.818Z] <<< [apiv2][status] GET https://firebase.googleapis.com/v1beta1/projects/learn-hub-b9403 200
[debug] [2022-10-27T12:39:22.818Z] <<< [apiv2][body] GET https://firebase.googleapis.com/v1beta1/projects/learn-hub-b9403 {"projectId":"learn-hub-b9403","projectNumber":"952453696511","displayName":"learn-hub","name":"projects/learn-hub-b9403","resources":{"hostingSite":"learn-hub-b9403"},"state":"ACTIVE","etag":"1_0e87420c-40eb-48c8-a40d-d8b9a51a9106"}
[info] 
[info] === Deploying to 'learn-hub-b9403'...
[info] 
[info] i  deploying hosting 
[debug] [2022-10-27T12:39:22.823Z] >>> [apiv2][query] POST https://firebasehosting.googleapis.com/v1beta1/projects/-/sites/learn-hub-b9403/versions [none]
[debug] [2022-10-27T12:39:22.823Z] >>> [apiv2][body] POST https://firebasehosting.googleapis.com/v1beta1/projects/-/sites/learn-hub-b9403/versions {"status":"CREATED","labels":{"deployment-tool":"cli-firebase"}}
[debug] [2022-10-27T12:39:24.332Z] <<< [apiv2][status] POST https://firebasehosting.googleapis.com/v1beta1/projects/-/sites/learn-hub-b9403/versions 200
[debug] [2022-10-27T12:39:24.333Z] <<< [apiv2][body] POST https://firebasehosting.googleapis.com/v1beta1/projects/-/sites/learn-hub-b9403/versions {"name":"projects/952453696511/sites/learn-hub-b9403/versions/87f69be175300eae","status":"CREATED","config":{},"labels":{"deployment-tool":"cli-firebase"}}
[info] i  hosting[learn-hub-b9403]: beginning deploy... 
[info] i  hosting[learn-hub-b9403]: found 23 files in build 
[debug] [2022-10-27T12:39:24.368Z] [hosting] uploading with 200 concurrency
[debug] [2022-10-27T12:39:25.027Z] [hosting] hash cache [YnVpbGQ] stored for 23 files
[debug] [2022-10-27T12:39:25.027Z] [hosting][hash queue][FINAL] {"max":649,"min":5,"avg":58.608695652173914,"active":0,"complete":23,"success":23,"errored":0,"retried":0,"total":23,"elapsed":656}
[debug] [2022-10-27T12:39:25.028Z] >>> [apiv2][query] POST https://firebasehosting.googleapis.com/v1beta1/projects/952453696511/sites/learn-hub-b9403/versions/87f69be175300eae:populateFiles [none]
[debug] [2022-10-27T12:39:25.028Z] >>> [apiv2][body] POST https://firebasehosting.googleapis.com/v1beta1/projects/952453696511/sites/learn-hub-b9403/versions/87f69be175300eae:populateFiles {"files":{"/favicon.ico":"9f0e8cbe28e405f2cbeb3e269fb9105cb19d083b1356f1d43adae50201ccfaf0","/logo192.png":"3ee59515172ee198f3be375979df15ac5345183e656720a381b8872b2a39dc8b","/logo512.png":"ee7e2f3fdb8209c4b6fd7bef6ba50d1b9dba30a25bb5c3126df057e1cb6f5331","/manifest.json":"aff3449bdc238776f5d6d967f19ec491b36aed5fb7f23ccff6500736fd58494a","/robots.txt":"bfe106a3fb878dc83461c86818bf74fc1bdc7f28538ba613cd3e775516ce8b49","/asset-manifest.json":"b261a4f635381f9fd8db11317ea2f5ef753b031db6060d0b753aaa911a80a46e","/index.html":"e619f85c42d80c64d50d9363cafb8332b9af5aa990194e06962a3dbcc1a63e15","/static/js/236.95111d1a.chunk.js.LICENSE.txt":"2396ecbf0fd5cabdafa2bda8c7f34f244ecac9a8d61ff28597b2bf99a0ac20df","/static/css/main.5818c868.css.map":"552e62ed9f8e500386a8b0b22b5fc2e3af5170bfab76963734baa91eca78ed87","/static/js/703.b7a4e25c.chunk.js.LICENSE.txt":"cfbae90292fb506144e442142fcfcdb77242a5491dbc74a361cd61c3e8b608ed","/static/js/787.250bd126.chunk.js":"99c97ca397922f6346226f3bebe577f1f7eaca92f210f249b6751a2e0fb82695","/static/js/703.b7a4e25c.chunk.js":"4ea5f3846398ef265c32a7ce24c0223dc7f0adedfb8f5deca2ca574a39581559","/static/js/787.250bd126.chunk.js.map":"3ee1cd976dab36ef780aca2589bc350262135b307625deb35e5303003707b2a2","/static/js/main.1621372c.js.LICENSE.txt":"d2356ff1fd626655f9b04364db179c178af2218a21659a960e6f8eb990f4785b","/static/media/logo.5018721da7f9b83e768d.png":"9f0e8cbe28e405f2cbeb3e269fb9105cb19d083b1356f1d43adae50201ccfaf0","/static/css/main.5818c868.css":"8b84137a207ce2a43755b42fcd898cc25da74c5d24208f3c8d1d77d501efd064","/static/js/703.b7a4e25c.chunk.js.map":"8d0e180f927c72e007bee4bd480cdbfff0caacaff8a62b0401d6193bc26ebc65","/static/js/236.95111d1a.chunk.js":"cc0c1f95307be087f74b4ed96edbc9c90a9dfe469da7a00745b1896d515afa4d","/static/js/513.a82b4430.chunk.js":"47b9ff789ab2dee9a747cbed170084c2b2d98f677a893706cf0b3aa1b43ee7f8","/static/js/513.a82b4430.chunk.js.map":"1efdced57dd29b9c1f77ca6f831547c97dc391c1571ad5ddba5bf5842b88d7f0","/static/js/main.1621372c.js":"40d0f3c910718329d8674340e277493437ad2ad4c0bc140566f0e369c90b5ad7","/static/js/236.95111d1a.chunk.js.map":"d36788c8ecb0c8e143b01c128f7f0889a27e9d58998736941f3c682454c22733","/static/js/main.1621372c.js.map":"be54803c1a246d38b648f2cd79eb54081161ede1d64d2f0292333d79e1ff46ef"}}
[debug] [2022-10-27T12:39:26.271Z] <<< [apiv2][status] POST https://firebasehosting.googleapis.com/v1beta1/projects/952453696511/sites/learn-hub-b9403/versions/87f69be175300eae:populateFiles 200
[debug] [2022-10-27T12:39:26.271Z] <<< [apiv2][body] POST https://firebasehosting.googleapis.com/v1beta1/projects/952453696511/sites/learn-hub-b9403/versions/87f69be175300eae:populateFiles {"uploadUrl":"https://upload-firebasehosting.googleapis.com/upload/sites/learn-hub-b9403/versions/87f69be175300eae/files"}
[debug] [2022-10-27T12:39:26.271Z] [hosting][populate queue][FINAL] {"max":1245,"min":1245,"avg":1245,"active":0,"complete":1,"success":1,"errored":0,"retried":0,"total":1,"elapsed":1245}
[debug] [2022-10-27T12:39:26.271Z] [hosting] uploads queued: 0
[debug] [2022-10-27T12:39:26.271Z] [hosting][upload queue][FINAL] {"max":0,"min":9999999999,"avg":0,"active":0,"complete":0,"success":0,"errored":0,"retried":0,"total":0,"elapsed":1666874366271}
[info] +  hosting[learn-hub-b9403]: file upload complete 
[debug] [2022-10-27T12:39:26.273Z] [hosting] deploy completed after 1934ms
[debug] [2022-10-27T12:39:26.275Z] [
  {
    "config": {
      "public": "build",
      "ignore": [
        "firebase.json",
        "**/.*",
        "**/node_modules/**"
      ],
      "rewrites": [
        {
          "source": "**",
          "destination": "/index.html"
        }
      ],
      "site": "learn-hub-b9403"
    },
    "version": "projects/952453696511/sites/learn-hub-b9403/versions/87f69be175300eae"
  }
]
[info] i  hosting[learn-hub-b9403]: finalizing version... 
[debug] [2022-10-27T12:39:26.278Z] >>> [apiv2][query] PATCH https://firebasehosting.googleapis.com/v1beta1/projects/-/sites/learn-hub-b9403/versions/87f69be175300eae updateMask=status%2Cconfig
[debug] [2022-10-27T12:39:26.278Z] >>> [apiv2][body] PATCH https://firebasehosting.googleapis.com/v1beta1/projects/-/sites/learn-hub-b9403/versions/87f69be175300eae {"status":"FINALIZED","config":{"rewrites":[{"glob":"**","path":"/index.html"}]}}
[debug] [2022-10-27T12:39:27.573Z] <<< [apiv2][status] PATCH https://firebasehosting.googleapis.com/v1beta1/projects/-/sites/learn-hub-b9403/versions/87f69be175300eae 200
[debug] [2022-10-27T12:39:27.574Z] <<< [apiv2][body] PATCH https://firebasehosting.googleapis.com/v1beta1/projects/-/sites/learn-hub-b9403/versions/87f69be175300eae {"name":"projects/952453696511/sites/learn-hub-b9403/versions/87f69be175300eae","status":"FINALIZED","config":{"rewrites":[{"glob":"**","path":"/index.html"}]},"labels":{"deployment-tool":"cli-firebase"},"createTime":"2022-10-27T12:39:23.834728Z","createUser":{"email":"rezoneprinceme@gmail.com"},"finalizeTime":"2022-10-27T12:39:27.529528Z","finalizeUser":{"email":"rezoneprinceme@gmail.com"}}
[debug] [2022-10-27T12:39:27.574Z] [hosting] finalized version for learn-hub-b9403:[object Object]
[info] +  hosting[learn-hub-b9403]: version finalized 
[info] i  hosting[learn-hub-b9403]: releasing new version... 
[debug] [2022-10-27T12:39:27.579Z] >>> [apiv2][query] POST https://firebasehosting.googleapis.com/v1beta1/projects/-/sites/learn-hub-b9403/channels/live/releases versionName=projects%2F952453696511%2Fsites%2Flearn-hub-b9403%2Fversions%2F87f69be175300eae
[debug] [2022-10-27T12:39:27.579Z] >>> [apiv2][body] POST https://firebasehosting.googleapis.com/v1beta1/projects/-/sites/learn-hub-b9403/channels/live/releases {}
[debug] [2022-10-27T12:39:28.945Z] <<< [apiv2][status] POST https://firebasehosting.googleapis.com/v1beta1/projects/-/sites/learn-hub-b9403/channels/live/releases 200
[debug] [2022-10-27T12:39:28.945Z] <<< [apiv2][body] POST https://firebasehosting.googleapis.com/v1beta1/projects/-/sites/learn-hub-b9403/channels/live/releases {"name":"projects/952453696511/sites/learn-hub-b9403/channels/live/releases/1666874368180971","version":{"name":"projects/952453696511/sites/learn-hub-b9403/versions/87f69be175300eae","status":"FINALIZED","config":{"rewrites":[{"glob":"**","path":"/index.html"}]},"labels":{"deployment-tool":"cli-firebase"},"createTime":"2022-10-27T12:39:23.834728Z","createUser":{"email":"rezoneprinceme@gmail.com","imageUrl":"https://lh3.googleusercontent.com/a/ALm5wu153SyBgF0ohTVbIKFRiWzk7hSWkZqTrgKhtmdv"},"finalizeTime":"2022-10-27T12:39:27.529528Z","finalizeUser":{"email":"rezoneprinceme@gmail.com","imageUrl":"https://lh3.googleusercontent.com/a/ALm5wu153SyBgF0ohTVbIKFRiWzk7hSWkZqTrgKhtmdv"}},"type":"DEPLOY","releaseTime":"2022-10-27T12:39:28.180971835Z","releaseUser":{"email":"rezoneprinceme@gmail.com","imageUrl":"https://lh3.googleusercontent.com/a/ALm5wu153SyBgF0ohTVbIKFRiWzk7hSWkZqTrgKhtmdv"}}
[debug] [2022-10-27T12:39:28.945Z] [hosting] release: {"name":"projects/952453696511/sites/learn-hub-b9403/channels/live/releases/1666874368180971","version":{"name":"projects/952453696511/sites/learn-hub-b9403/versions/87f69be175300eae","status":"FINALIZED","config":{"rewrites":[{"glob":"**","path":"/index.html"}]},"labels":{"deployment-tool":"cli-firebase"},"createTime":"2022-10-27T12:39:23.834728Z","createUser":{"email":"rezoneprinceme@gmail.com","imageUrl":"https://lh3.googleusercontent.com/a/ALm5wu153SyBgF0ohTVbIKFRiWzk7hSWkZqTrgKhtmdv"},"finalizeTime":"2022-10-27T12:39:27.529528Z","finalizeUser":{"email":"rezoneprinceme@gmail.com","imageUrl":"https://lh3.googleusercontent.com/a/ALm5wu153SyBgF0ohTVbIKFRiWzk7hSWkZqTrgKhtmdv"}},"type":"DEPLOY","releaseTime":"2022-10-27T12:39:28.180971835Z","releaseUser":{"email":"rezoneprinceme@gmail.com","imageUrl":"https://lh3.googleusercontent.com/a/ALm5wu153SyBgF0ohTVbIKFRiWzk7hSWkZqTrgKhtmdv"}}
[info] +  hosting[learn-hub-b9403]: release complete 
